<?xml version="1.0" encoding="UTF-8"?>
<testng-results skipped="0" failed="0" ignored="0" total="3" passed="3">
  <reporter-output>
  </reporter-output>
  <suite name="Default suite" duration-ms="8060" started-at="2022-09-16T06:40:38Z" finished-at="2022-09-16T06:40:46Z">
    <groups>
    </groups>
    <test name="Default test" duration-ms="8060" started-at="2022-09-16T06:40:38Z" finished-at="2022-09-16T06:40:46Z">
      <class name="com.Test.DashboardTest">
        <test-method status="PASS" signature="openBrowser()[pri:0, instance:com.Test.DashboardTest@4501b7af]" name="openBrowser" is-config="true" duration-ms="6952" started-at="2022-09-16T06:40:38Z" finished-at="2022-09-16T06:40:45Z">
          <reporter-output>
          </reporter-output>
        </test-method> <!-- openBrowser -->
        <test-method status="PASS" signature="login()[pri:0, instance:com.Test.DashboardTest@4501b7af]" name="login" is-config="true" duration-ms="1" started-at="2022-09-16T06:40:45Z" finished-at="2022-09-16T06:40:45Z">
          <reporter-output>
          </reporter-output>
        </test-method> <!-- login -->
        <test-method status="PASS" signature="checkTitleOfDashboard()[pri:0, instance:com.Test.DashboardTest@4501b7af]" name="checkTitleOfDashboard" duration-ms="553" started-at="2022-09-16T06:40:45Z" finished-at="2022-09-16T06:40:46Z">
          <reporter-output>
          </reporter-output>
        </test-method> <!-- checkTitleOfDashboard -->
        <test-method status="PASS" signature="checkUsers()[pri:1, instance:com.Test.DashboardTest@4501b7af]" name="checkUsers" duration-ms="382" started-at="2022-09-16T06:40:46Z" finished-at="2022-09-16T06:40:46Z">
          <reporter-output>
          </reporter-output>
        </test-method> <!-- checkUsers -->
        <test-method status="PASS" signature="Delete()[pri:2, instance:com.Test.DashboardTest@4501b7af]" name="Delete" duration-ms="112" started-at="2022-09-16T06:40:46Z" finished-at="2022-09-16T06:40:46Z">
          <reporter-output>
          </reporter-output>
        </test-method> <!-- Delete -->
      </class> <!-- com.Test.DashboardTest -->
    </test> <!-- Default test -->
  </suite> <!-- Default suite -->
</testng-results>
