<?xml version="1.0" encoding="UTF-8"?>
<!-- Generated by org.testng.reporters.JUnitXMLReporter -->
<testsuite hostname="LAPTOP-5PURE35O" ignored="0" name="Default test" tests="3" failures="0" timestamp="16 Sep 2022 06:40:46 GMT" time="8.06" errors="0">
  <testcase name="checkTitleOfDashboard" time="0.553" classname="com.Test.LoginPageTest"/>
  <testcase name="checkUsers" time="0.382" classname="com.Test.DashboardTest"/>
  <testcase name="Delete" time="0.112" classname="com.Test.DashboardTest"/>
</testsuite> <!-- Default test -->
